<?xml version="1.0" encoding="UTF-8"?>
<!-- Generated by org.testng.reporters.JUnitXMLReporter -->
<testsuite ignored="1" hostname="IN-9H42M63" failures="0" tests="1" name="Default test" time="33.669" errors="0" timestamp="2022-06-04T22:47:52 IST">
  <testcase classname="com.myamazon.testcases.IndexPageTest" name="logoTest" time="20.19"/>
  <testcase classname="com.myamazon.testcases.IndexPageTest" name="storeTitleTest" time="0.0">
    <ignored/>
  </testcase> <!-- storeTitleTest -->
</testsuite> <!-- Default test -->
